<?xml version="1.0" encoding="UTF-8"?>
<coverage generated="1767658297922" clover="3.2.0">
  <project timestamp="1767658297922" name="All files">
    <metrics statements="260" coveredstatements="242" conditionals="164" coveredconditionals="138" methods="46" coveredmethods="36" elements="470" coveredelements="416" complexity="0" loc="260" ncloc="260" packages="2" files="11" classes="11"/>
    <package name="src">
      <metrics statements="94" coveredstatements="91" conditionals="36" coveredconditionals="32" methods="16" coveredmethods="15"/>
      <file name="config.ts" path="/Users/connorhartland/code/teams-lambda/src/config.ts">
        <metrics statements="15" coveredstatements="14" conditionals="5" coveredconditionals="4" methods="2" coveredmethods="1"/>
        <line num="7" count="1" type="stmt"/>
        <line num="12" count="1" type="stmt"/>
        <line num="21" count="207" type="stmt"/>
        <line num="22" count="207" type="stmt"/>
        <line num="23" count="207" type="cond" truecount="2" falsecount="0"/>
        <line num="24" count="207" type="stmt"/>
        <line num="27" count="207" type="cond" truecount="1" falsecount="0"/>
        <line num="28" count="52" type="stmt"/>
        <line num="31" count="155" type="cond" truecount="1" falsecount="0"/>
        <line num="32" count="51" type="stmt"/>
        <line num="36" count="104" type="stmt"/>
        <line num="39" count="104" type="stmt"/>
        <line num="40" count="104" type="cond" truecount="0" falsecount="1"/>
        <line num="41" count="0" type="stmt"/>
        <line num="44" count="104" type="stmt"/>
      </file>
      <file name="constants.ts" path="/Users/connorhartland/code/teams-lambda/src/constants.ts">
        <metrics statements="1" coveredstatements="1" conditionals="0" coveredconditionals="0" methods="0" coveredmethods="0"/>
        <line num="9" count="2" type="stmt"/>
      </file>
      <file name="logger.ts" path="/Users/connorhartland/code/teams-lambda/src/logger.ts">
        <metrics statements="39" coveredstatements="37" conditionals="18" coveredconditionals="16" methods="8" coveredmethods="8"/>
        <line num="20" count="4" type="stmt"/>
        <line num="25" count="640" type="stmt"/>
        <line num="26" count="640" type="stmt"/>
        <line num="37" count="1358" type="cond" truecount="0" falsecount="1"/>
        <line num="38" count="0" type="stmt"/>
        <line num="42" count="1358" type="stmt"/>
        <line num="45" count="1358" type="stmt"/>
        <line num="48" count="1358" type="stmt"/>
        <line num="51" count="1358" type="stmt"/>
        <line num="52" count="1358" type="stmt"/>
        <line num="55" count="1358" type="stmt"/>
        <line num="58" count="1358" type="stmt"/>
        <line num="61" count="1358" type="stmt"/>
        <line num="64" count="1358" type="stmt"/>
        <line num="66" count="1358" type="stmt"/>
        <line num="76" count="1766" type="cond" truecount="2" falsecount="1"/>
        <line num="77" count="0" type="stmt"/>
        <line num="80" count="1766" type="cond" truecount="1" falsecount="0"/>
        <line num="81" count="621" type="stmt"/>
        <line num="84" count="1145" type="cond" truecount="1" falsecount="0"/>
        <line num="85" count="412" type="stmt"/>
        <line num="88" count="733" type="cond" truecount="1" falsecount="0"/>
        <line num="89" count="4" type="stmt"/>
        <line num="92" count="730" type="stmt"/>
        <line num="93" count="730" type="stmt"/>
        <line num="94" count="1341" type="cond" truecount="1" falsecount="0"/>
        <line num="95" count="1341" type="stmt"/>
        <line num="97" count="1341" type="cond" truecount="2" falsecount="0"/>
        <line num="105" count="306" type="stmt"/>
        <line num="107" count="1035" type="stmt"/>
        <line num="111" count="730" type="stmt"/>
        <line num="123" count="737" type="stmt"/>
        <line num="124" count="737" type="stmt"/>
        <line num="125" count="737" type="cond" truecount="2" falsecount="0"/>
        <line num="127" count="737" type="stmt"/>
        <line num="136" count="737" type="stmt"/>
        <line num="146" count="325" type="stmt"/>
        <line num="156" count="3" type="stmt"/>
        <line num="166" count="409" type="stmt"/>
      </file>
      <file name="secrets.ts" path="/Users/connorhartland/code/teams-lambda/src/secrets.ts">
        <metrics statements="39" coveredstatements="39" conditionals="13" coveredconditionals="12" methods="6" coveredmethods="6"/>
        <line num="6" count="1" type="stmt"/>
        <line num="12" count="1" type="stmt"/>
        <line num="17" count="1" type="stmt"/>
        <line num="22" count="1" type="stmt"/>
        <line num="31" count="210" type="cond" truecount="1" falsecount="0"/>
        <line num="32" count="208" type="cond" truecount="2" falsecount="0"/>
        <line num="34" count="210" type="stmt"/>
        <line num="44" count="411" type="stmt"/>
        <line num="45" count="411" type="cond" truecount="1" falsecount="0"/>
        <line num="46" count="210" type="stmt"/>
        <line num="49" count="201" type="stmt"/>
        <line num="50" count="201" type="stmt"/>
        <line num="62" count="1" type="stmt"/>
        <line num="64" count="411" type="cond" truecount="1" falsecount="0"/>
        <line num="65" count="201" type="stmt"/>
        <line num="66" count="201" type="cond" truecount="1" falsecount="0"/>
        <line num="67" count="201" type="stmt"/>
        <line num="71" count="210" type="stmt"/>
        <line num="72" count="210" type="stmt"/>
        <line num="73" count="210" type="stmt"/>
        <line num="74" count="210" type="stmt"/>
        <line num="78" count="208" type="cond" truecount="2" falsecount="0"/>
        <line num="79" count="206" type="stmt"/>
        <line num="80" count="2" type="cond" truecount="2" falsecount="0"/>
        <line num="82" count="1" type="stmt"/>
        <line num="83" count="1" type="stmt"/>
        <line num="85" count="1" type="stmt"/>
        <line num="89" count="207" type="stmt"/>
        <line num="94" count="207" type="stmt"/>
        <line num="96" count="3" type="cond" truecount="1" falsecount="1"/>
        <line num="97" count="3" type="cond" truecount="1" falsecount="0"/>
        <line num="98" count="1" type="stmt"/>
        <line num="103" count="3" type="stmt"/>
        <line num="111" count="1" type="stmt"/>
        <line num="112" count="211" type="stmt"/>
        <line num="119" count="1" type="stmt"/>
        <line num="120" count="210" type="stmt"/>
        <line num="128" count="1" type="stmt"/>
        <line num="129" count="1" type="stmt"/>
      </file>
    </package>
    <package name="src.webhook">
      <metrics statements="166" coveredstatements="151" conditionals="128" coveredconditionals="106" methods="30" coveredmethods="21"/>
      <file name="failureDetector.ts" path="/Users/connorhartland/code/teams-lambda/src/webhook/failureDetector.ts">
        <metrics statements="32" coveredstatements="30" conditionals="33" coveredconditionals="30" methods="3" coveredmethods="3"/>
        <line num="18" count="1" type="stmt"/>
        <line num="19" count="519" type="cond" truecount="1" falsecount="0"/>
        <line num="20" count="205" type="stmt"/>
        <line num="23" count="314" type="cond" truecount="1" falsecount="0"/>
        <line num="24" count="309" type="stmt"/>
        <line num="28" count="5" type="stmt"/>
        <line num="38" count="205" type="stmt"/>
        <line num="39" count="205" type="stmt"/>
        <line num="42" count="205" type="cond" truecount="4" falsecount="0"/>
        <line num="43" count="1" type="stmt"/>
        <line num="46" count="204" type="cond" truecount="2" falsecount="0"/>
        <line num="47" count="204" type="stmt"/>
        <line num="48" count="204" type="stmt"/>
        <line num="49" count="204" type="cond" truecount="2" falsecount="0"/>
        <line num="50" count="204" type="cond" truecount="2" falsecount="0"/>
        <line num="51" count="204" type="cond" truecount="2" falsecount="0"/>
        <line num="53" count="204" type="stmt"/>
        <line num="64" count="0" type="stmt"/>
        <line num="75" count="309" type="stmt"/>
        <line num="76" count="309" type="stmt"/>
        <line num="79" count="309" type="cond" truecount="1" falsecount="0"/>
        <line num="80" count="102" type="stmt"/>
        <line num="84" count="207" type="cond" truecount="3" falsecount="0"/>
        <line num="85" count="1" type="stmt"/>
        <line num="89" count="206" type="cond" truecount="2" falsecount="1"/>
        <line num="90" count="206" type="cond" truecount="1" falsecount="1"/>
        <line num="91" count="206" type="cond" truecount="2" falsecount="0"/>
        <line num="92" count="206" type="cond" truecount="2" falsecount="0"/>
        <line num="93" count="206" type="cond" truecount="1" falsecount="1"/>
        <line num="95" count="206" type="cond" truecount="4" falsecount="0"/>
        <line num="99" count="206" type="stmt"/>
        <line num="110" count="0" type="stmt"/>
      </file>
      <file name="formatter.ts" path="/Users/connorhartland/code/teams-lambda/src/webhook/formatter.ts">
        <metrics statements="10" coveredstatements="10" conditionals="30" coveredconditionals="20" methods="1" coveredmethods="1"/>
        <line num="15" count="1" type="stmt"/>
        <line num="16" count="208" type="cond" truecount="2" falsecount="0"/>
        <line num="17" count="208" type="cond" truecount="2" falsecount="0"/>
        <line num="20" count="208" type="cond" truecount="2" falsecount="2"/>
        <line num="21" count="208" type="cond" truecount="2" falsecount="2"/>
        <line num="22" count="208" type="cond" truecount="3" falsecount="1"/>
        <line num="23" count="208" type="cond" truecount="3" falsecount="1"/>
        <line num="24" count="208" type="cond" truecount="2" falsecount="2"/>
        <line num="25" count="208" type="cond" truecount="3" falsecount="1"/>
        <line num="27" count="208" type="stmt"/>
      </file>
      <file name="index.ts" path="/Users/connorhartland/code/teams-lambda/src/webhook/index.ts">
        <metrics statements="2" coveredstatements="0" conditionals="0" coveredconditionals="0" methods="3" coveredmethods="0"/>
        <line num="5" count="0" type="stmt"/>
        <line num="6" count="0" type="stmt"/>
      </file>
      <file name="ipWhitelist.ts" path="/Users/connorhartland/code/teams-lambda/src/webhook/ipWhitelist.ts">
        <metrics statements="43" coveredstatements="40" conditionals="20" coveredconditionals="17" methods="6" coveredmethods="5"/>
        <line num="7" count="1" type="stmt"/>
        <line num="12" count="1" type="stmt"/>
        <line num="18" count="1" type="stmt"/>
        <line num="19" count="0" type="stmt"/>
        <line num="28" count="898" type="stmt"/>
        <line num="29" count="898" type="cond" truecount="1" falsecount="0"/>
        <line num="30" count="9" type="stmt"/>
        <line num="33" count="889" type="stmt"/>
        <line num="34" count="889" type="stmt"/>
        <line num="35" count="3547" type="stmt"/>
        <line num="36" count="3547" type="cond" truecount="4" falsecount="0"/>
        <line num="37" count="3" type="stmt"/>
        <line num="39" count="3544" type="stmt"/>
        <line num="42" count="886" type="stmt"/>
        <line num="51" count="443" type="stmt"/>
        <line num="52" count="443" type="cond" truecount="2" falsecount="1"/>
        <line num="53" count="0" type="stmt"/>
        <line num="56" count="443" type="stmt"/>
        <line num="57" count="443" type="cond" truecount="3" falsecount="1"/>
        <line num="58" count="0" type="stmt"/>
        <line num="61" count="443" type="stmt"/>
        <line num="62" count="443" type="cond" truecount="1" falsecount="1"/>
        <line num="64" count="443" type="stmt"/>
        <line num="74" count="455" type="stmt"/>
        <line num="75" count="455" type="stmt"/>
        <line num="76" count="443" type="stmt"/>
        <line num="77" count="443" type="stmt"/>
        <line num="79" count="12" type="stmt"/>
        <line num="90" count="1" type="stmt"/>
        <line num="92" count="105" type="cond" truecount="2" falsecount="0"/>
        <line num="93" count="105" type="cond" truecount="1" falsecount="0"/>
        <line num="95" count="103" type="stmt"/>
        <line num="96" count="103" type="stmt"/>
        <line num="97" count="103" type="cond" truecount="1" falsecount="0"/>
        <line num="98" count="103" type="stmt"/>
        <line num="103" count="2" type="cond" truecount="1" falsecount="0"/>
        <line num="104" count="1" type="stmt"/>
        <line num="107" count="1" type="stmt"/>
        <line num="116" count="1" type="stmt"/>
        <line num="117" count="223" type="stmt"/>
        <line num="118" count="455" type="cond" truecount="1" falsecount="0"/>
        <line num="119" count="111" type="stmt"/>
        <line num="122" count="112" type="stmt"/>
      </file>
      <file name="reception.ts" path="/Users/connorhartland/code/teams-lambda/src/webhook/reception.ts">
        <metrics statements="30" coveredstatements="28" conditionals="19" coveredconditionals="14" methods="4" coveredmethods="4"/>
        <line num="26" count="1" type="stmt"/>
        <line num="27" count="106" type="stmt"/>
        <line num="29" count="106" type="cond" truecount="2" falsecount="0"/>
        <line num="32" count="106" type="cond" truecount="1" falsecount="0"/>
        <line num="33" count="1" type="stmt"/>
        <line num="34" count="1" type="stmt"/>
        <line num="36" count="1" type="cond" truecount="1" falsecount="1"/>
        <line num="39" count="106" type="cond" truecount="1" falsecount="0"/>
        <line num="40" count="1" type="stmt"/>
        <line num="43" count="1" type="stmt"/>
        <line num="47" count="105" type="cond" truecount="2" falsecount="0"/>
        <line num="50" count="105" type="cond" truecount="1" falsecount="0"/>
        <line num="51" count="1" type="stmt"/>
        <line num="52" count="1" type="stmt"/>
        <line num="54" count="1" type="cond" truecount="1" falsecount="1"/>
        <line num="57" count="105" type="cond" truecount="1" falsecount="0"/>
        <line num="58" count="1" type="stmt"/>
        <line num="61" count="1" type="stmt"/>
        <line num="65" count="104" type="cond" truecount="2" falsecount="0"/>
        <line num="66" count="104" type="cond" truecount="1" falsecount="0"/>
        <line num="67" count="101" type="stmt"/>
        <line num="70" count="104" type="stmt"/>
        <line num="75" count="104" type="stmt"/>
        <line num="81" count="0" type="stmt"/>
        <line num="84" count="0" type="stmt"/>
        <line num="95" count="1" type="stmt"/>
        <line num="96" count="4" type="stmt"/>
        <line num="97" count="4" type="stmt"/>
        <line num="99" count="2" type="stmt"/>
        <line num="102" count="2" type="stmt"/>
      </file>
      <file name="signature.ts" path="/Users/connorhartland/code/teams-lambda/src/webhook/signature.ts">
        <metrics statements="16" coveredstatements="15" conditionals="4" coveredconditionals="4" methods="1" coveredmethods="1"/>
        <line num="6" count="1" type="stmt"/>
        <line num="17" count="1" type="stmt"/>
        <line num="18" count="411" type="stmt"/>
        <line num="20" count="411" type="stmt"/>
        <line num="21" count="411" type="cond" truecount="3" falsecount="0"/>
        <line num="22" count="3" type="stmt"/>
        <line num="25" count="408" type="stmt"/>
        <line num="28" count="408" type="stmt"/>
        <line num="29" count="408" type="stmt"/>
        <line num="30" count="408" type="stmt"/>
        <line num="33" count="408" type="stmt"/>
        <line num="34" count="408" type="stmt"/>
        <line num="37" count="408" type="cond" truecount="1" falsecount="0"/>
        <line num="38" count="1" type="stmt"/>
        <line num="41" count="407" type="stmt"/>
        <line num="44" count="0" type="stmt"/>
      </file>
      <file name="teamsClient.ts" path="/Users/connorhartland/code/teams-lambda/src/webhook/teamsClient.ts">
        <metrics statements="33" coveredstatements="28" conditionals="22" coveredconditionals="21" methods="12" coveredmethods="7"/>
        <line num="6" count="1" type="stmt"/>
        <line num="19" count="1" type="stmt"/>
        <line num="24" count="210" type="stmt"/>
        <line num="25" count="210" type="stmt"/>
        <line num="27" count="210" type="stmt"/>
        <line num="30" count="209" type="stmt"/>
        <line num="39" count="0" type="cond" truecount="2" falsecount="0"/>
        <line num="40" count="0" type="cond" truecount="2" falsecount="0"/>
        <line num="41" count="0" type="cond" truecount="2" falsecount="0"/>
        <line num="42" count="0" type="cond" truecount="2" falsecount="0"/>
        <line num="43" count="0" type="cond" truecount="2" falsecount="0"/>
        <line num="49" count="209" type="stmt"/>
        <line num="62" count="209" type="stmt"/>
        <line num="63" count="207" type="stmt"/>
        <line num="65" count="207" type="stmt"/>
        <line num="66" count="207" type="stmt"/>
        <line num="69" count="207" type="stmt"/>
        <line num="71" count="207" type="cond" truecount="4" falsecount="0"/>
        <line num="72" count="106" type="stmt"/>
        <line num="75" count="106" type="stmt"/>
        <line num="78" count="101" type="stmt"/>
        <line num="82" count="101" type="stmt"/>
        <line num="88" count="209" type="stmt"/>
        <line num="89" count="1" type="stmt"/>
        <line num="92" count="1" type="stmt"/>
        <line num="96" count="209" type="stmt"/>
        <line num="97" count="1" type="stmt"/>
        <line num="98" count="1" type="stmt"/>
        <line num="101" count="1" type="stmt"/>
        <line num="105" count="209" type="stmt"/>
        <line num="106" count="209" type="stmt"/>
        <line num="108" count="1" type="stmt"/>
        <line num="111" count="1" type="stmt"/>
      </file>
    </package>
  </project>
</coverage>
