{"/Users/connorhartland/code/teams-lambda/src/config.ts": {"path":"/Users/connorhartland/code/teams-lambda/src/config.ts","statementMap":{"0":{"start":{"line":7,"column":0},"end":{"line":7,"column":50}},"1":{"start":{"line":21,"column":37},"end":{"line":21,"column":77}},"2":{"start":{"line":22,"column":31},"end":{"line":22,"column":63}},"3":{"start":{"line":23,"column":36},"end":{"line":23,"column":80}},"4":{"start":{"line":24,"column":33},"end":{"line":24,"column":64}},"5":{"start":{"line":27,"column":4},"end":{"line":29,"column":5}},"6":{"start":{"line":28,"column":6},"end":{"line":28,"column":93}},"7":{"start":{"line":31,"column":4},"end":{"line":33,"column":5}},"8":{"start":{"line":32,"column":6},"end":{"line":32,"column":85}},"9":{"start":{"line":36,"column":33},"end":{"line":36,"column":82}},"10":{"start":{"line":39,"column":28},"end":{"line":39,"column":47}},"11":{"start":{"line":40,"column":4},"end":{"line":42,"column":5}},"12":{"start":{"line":41,"column":6},"end":{"line":41,"column":87}},"13":{"start":{"line":41,"column":73},"end":{"line":41,"column":85}},"14":{"start":{"line":44,"column":4},"end":{"line":49,"column":6}},"15":{"start":{"line":12,"column":0},"end":{"line":12,"column":13}}},"fnMap":{"0":{"name":"(anonymous_0)","decl":{"start":{"line":20,"column":2},"end":{"line":20,"column":8}},"loc":{"start":{"line":20,"column":28},"end":{"line":50,"column":3}}},"1":{"name":"(anonymous_1)","decl":{"start":{"line":41,"column":62},"end":{"line":41,"column":63}},"loc":{"start":{"line":41,"column":73},"end":{"line":41,"column":85}}}},"branchMap":{"0":{"loc":{"start":{"line":23,"column":36},"end":{"line":23,"column":80}},"type":"binary-expr","locations":[{"start":{"line":23,"column":36},"end":{"line":23,"column":70}},{"start":{"line":23,"column":74},"end":{"line":23,"column":80}}]},"1":{"loc":{"start":{"line":27,"column":4},"end":{"line":29,"column":5}},"type":"if","locations":[{"start":{"line":27,"column":4},"end":{"line":29,"column":5}}]},"2":{"loc":{"start":{"line":31,"column":4},"end":{"line":33,"column":5}},"type":"if","locations":[{"start":{"line":31,"column":4},"end":{"line":33,"column":5}}]},"3":{"loc":{"start":{"line":40,"column":4},"end":{"line":42,"column":5}},"type":"if","locations":[{"start":{"line":40,"column":4},"end":{"line":42,"column":5}}]}},"s":{"0":1,"1":207,"2":207,"3":207,"4":207,"5":207,"6":52,"7":155,"8":51,"9":104,"10":104,"11":104,"12":0,"13":0,"14":104,"15":1},"f":{"0":207,"1":0},"b":{"0":[207,205],"1":[52],"2":[51],"3":[0]}}
,"/Users/connorhartland/code/teams-lambda/src/constants.ts": {"path":"/Users/connorhartland/code/teams-lambda/src/constants.ts","statementMap":{"0":{"start":{"line":9,"column":13},"end":{"line":13,"column":2}}},"fnMap":{},"branchMap":{},"s":{"0":2},"f":{},"b":{}}
,"/Users/connorhartland/code/teams-lambda/src/logger.ts": {"path":"/Users/connorhartland/code/teams-lambda/src/logger.ts","statementMap":{"0":{"start":{"line":25,"column":4},"end":{"line":25,"column":31}},"1":{"start":{"line":26,"column":4},"end":{"line":26,"column":31}},"2":{"start":{"line":37,"column":4},"end":{"line":39,"column":5}},"3":{"start":{"line":38,"column":6},"end":{"line":38,"column":19}},"4":{"start":{"line":42,"column":20},"end":{"line":42,"column":76}},"5":{"start":{"line":45,"column":4},"end":{"line":45,"column":127}},"6":{"start":{"line":48,"column":4},"end":{"line":48,"column":100}},"7":{"start":{"line":51,"column":4},"end":{"line":51,"column":108}},"8":{"start":{"line":52,"column":4},"end":{"line":52,"column":100}},"9":{"start":{"line":55,"column":4},"end":{"line":55,"column":78}},"10":{"start":{"line":58,"column":4},"end":{"line":58,"column":97}},"11":{"start":{"line":61,"column":4},"end":{"line":61,"column":86}},"12":{"start":{"line":64,"column":4},"end":{"line":64,"column":83}},"13":{"start":{"line":66,"column":4},"end":{"line":66,"column":21}},"14":{"start":{"line":76,"column":4},"end":{"line":78,"column":5}},"15":{"start":{"line":77,"column":6},"end":{"line":77,"column":17}},"16":{"start":{"line":80,"column":4},"end":{"line":82,"column":5}},"17":{"start":{"line":81,"column":6},"end":{"line":81,"column":32}},"18":{"start":{"line":84,"column":4},"end":{"line":86,"column":5}},"19":{"start":{"line":85,"column":6},"end":{"line":85,"column":17}},"20":{"start":{"line":88,"column":4},"end":{"line":90,"column":5}},"21":{"start":{"line":89,"column":6},"end":{"line":89,"column":58}},"22":{"start":{"line":89,"column":31},"end":{"line":89,"column":56}},"23":{"start":{"line":92,"column":27},"end":{"line":92,"column":29}},"24":{"start":{"line":93,"column":4},"end":{"line":110,"column":5}},"25":{"start":{"line":94,"column":6},"end":{"line":109,"column":7}},"26":{"start":{"line":95,"column":22},"end":{"line":95,"column":30}},"27":{"start":{"line":97,"column":8},"end":{"line":108,"column":9}},"28":{"start":{"line":105,"column":10},"end":{"line":105,"column":40}},"29":{"start":{"line":107,"column":10},"end":{"line":107,"column":54}},"30":{"start":{"line":111,"column":4},"end":{"line":111,"column":21}},"31":{"start":{"line":123,"column":22},"end":{"line":123,"column":46}},"32":{"start":{"line":124,"column":29},"end":{"line":124,"column":51}},"33":{"start":{"line":125,"column":29},"end":{"line":125,"column":72}},"34":{"start":{"line":127,"column":21},"end":{"line":134,"column":6}},"35":{"start":{"line":136,"column":4},"end":{"line":136,"column":36}},"36":{"start":{"line":146,"column":4},"end":{"line":146,"column":62}},"37":{"start":{"line":156,"column":4},"end":{"line":156,"column":63}},"38":{"start":{"line":166,"column":4},"end":{"line":166,"column":65}},"39":{"start":{"line":20,"column":0},"end":{"line":20,"column":13}}},"fnMap":{"0":{"name":"(anonymous_0)","decl":{"start":{"line":24,"column":2},"end":{"line":24,"column":14}},"loc":{"start":{"line":24,"column":51},"end":{"line":27,"column":3}}},"1":{"name":"(anonymous_1)","decl":{"start":{"line":36,"column":10},"end":{"line":36,"column":18}},"loc":{"start":{"line":36,"column":32},"end":{"line":67,"column":3}}},"2":{"name":"(anonymous_2)","decl":{"start":{"line":75,"column":10},"end":{"line":75,"column":24}},"loc":{"start":{"line":75,"column":33},"end":{"line":112,"column":3}}},"3":{"name":"(anonymous_3)","decl":{"start":{"line":89,"column":21},"end":{"line":89,"column":22}},"loc":{"start":{"line":89,"column":31},"end":{"line":89,"column":56}}},"4":{"name":"(anonymous_4)","decl":{"start":{"line":122,"column":10},"end":{"line":122,"column":23}},"loc":{"start":{"line":122,"column":78},"end":{"line":137,"column":3}}},"5":{"name":"(anonymous_5)","decl":{"start":{"line":145,"column":2},"end":{"line":145,"column":6}},"loc":{"start":{"line":145,"column":44},"end":{"line":147,"column":3}}},"6":{"name":"(anonymous_6)","decl":{"start":{"line":155,"column":2},"end":{"line":155,"column":6}},"loc":{"start":{"line":155,"column":44},"end":{"line":157,"column":3}}},"7":{"name":"(anonymous_7)","decl":{"start":{"line":165,"column":2},"end":{"line":165,"column":7}},"loc":{"start":{"line":165,"column":45},"end":{"line":167,"column":3}}}},"branchMap":{"0":{"loc":{"start":{"line":37,"column":4},"end":{"line":39,"column":5}},"type":"if","locations":[{"start":{"line":37,"column":4},"end":{"line":39,"column":5}}]},"1":{"loc":{"start":{"line":76,"column":4},"end":{"line":78,"column":5}},"type":"if","locations":[{"start":{"line":76,"column":4},"end":{"line":78,"column":5}}]},"2":{"loc":{"start":{"line":76,"column":8},"end":{"line":76,"column":41}},"type":"binary-expr","locations":[{"start":{"line":76,"column":8},"end":{"line":76,"column":20}},{"start":{"line":76,"column":24},"end":{"line":76,"column":41}}]},"3":{"loc":{"start":{"line":80,"column":4},"end":{"line":82,"column":5}},"type":"if","locations":[{"start":{"line":80,"column":4},"end":{"line":82,"column":5}}]},"4":{"loc":{"start":{"line":84,"column":4},"end":{"line":86,"column":5}},"type":"if","locations":[{"start":{"line":84,"column":4},"end":{"line":86,"column":5}}]},"5":{"loc":{"start":{"line":88,"column":4},"end":{"line":90,"column":5}},"type":"if","locations":[{"start":{"line":88,"column":4},"end":{"line":90,"column":5}}]},"6":{"loc":{"start":{"line":94,"column":6},"end":{"line":109,"column":7}},"type":"if","locations":[{"start":{"line":94,"column":6},"end":{"line":109,"column":7}}]},"7":{"loc":{"start":{"line":97,"column":8},"end":{"line":108,"column":9}},"type":"if","locations":[{"start":{"line":97,"column":8},"end":{"line":108,"column":9}},{"start":{"line":106,"column":15},"end":{"line":108,"column":9}}]},"8":{"loc":{"start":{"line":98,"column":10},"end":{"line":103,"column":53}},"type":"binary-expr","locations":[{"start":{"line":98,"column":10},"end":{"line":98,"column":49}},{"start":{"line":99,"column":10},"end":{"line":99,"column":46}},{"start":{"line":100,"column":10},"end":{"line":100,"column":45}},{"start":{"line":101,"column":10},"end":{"line":101,"column":48}},{"start":{"line":102,"column":10},"end":{"line":102,"column":43}},{"start":{"line":103,"column":10},"end":{"line":103,"column":53}}]},"9":{"loc":{"start":{"line":125,"column":29},"end":{"line":125,"column":72}},"type":"cond-expr","locations":[{"start":{"line":125,"column":39},"end":{"line":125,"column":67}},{"start":{"line":125,"column":70},"end":{"line":125,"column":72}}]}},"s":{"0":640,"1":640,"2":1358,"3":0,"4":1358,"5":1358,"6":1358,"7":1358,"8":1358,"9":1358,"10":1358,"11":1358,"12":1358,"13":1358,"14":1766,"15":0,"16":1766,"17":621,"18":1145,"19":412,"20":733,"21":3,"22":4,"23":730,"24":730,"25":1341,"26":1341,"27":1341,"28":306,"29":1035,"30":730,"31":737,"32":737,"33":737,"34":737,"35":737,"36":325,"37":3,"38":409,"39":4},"f":{"0":640,"1":1358,"2":1766,"3":4,"4":737,"5":325,"6":3,"7":409},"b":{"0":[0],"1":[0],"2":[1766,1766],"3":[621],"4":[412],"5":[3],"6":[1341],"7":[306,1035],"8":[1341,1240,1137,1036,1036,1036],"9":[727,10]}}
,"/Users/connorhartland/code/teams-lambda/src/secrets.ts": {"path":"/Users/connorhartland/code/teams-lambda/src/secrets.ts","statementMap":{"0":{"start":{"line":62,"column":0},"end":{"line":62,"column":7}},"1":{"start":{"line":111,"column":0},"end":{"line":111,"column":16}},"2":{"start":{"line":119,"column":0},"end":{"line":119,"column":16}},"3":{"start":{"line":128,"column":0},"end":{"line":128,"column":16}},"4":{"start":{"line":6,"column":0},"end":{"line":6,"column":94}},"5":{"start":{"line":12,"column":71},"end":{"line":12,"column":80}},"6":{"start":{"line":17,"column":21},"end":{"line":17,"column":34}},"7":{"start":{"line":22,"column":56},"end":{"line":22,"column":60}},"8":{"start":{"line":31,"column":2},"end":{"line":33,"column":3}},"9":{"start":{"line":32,"column":4},"end":{"line":32,"column":103}},"10":{"start":{"line":34,"column":2},"end":{"line":34,"column":30}},"11":{"start":{"line":44,"column":17},"end":{"line":44,"column":37}},"12":{"start":{"line":45,"column":2},"end":{"line":47,"column":3}},"13":{"start":{"line":46,"column":4},"end":{"line":46,"column":17}},"14":{"start":{"line":49,"column":14},"end":{"line":49,"column":24}},"15":{"start":{"line":50,"column":2},"end":{"line":50,"column":47}},"16":{"start":{"line":64,"column":2},"end":{"line":69,"column":3}},"17":{"start":{"line":65,"column":19},"end":{"line":65,"column":39}},"18":{"start":{"line":66,"column":4},"end":{"line":68,"column":5}},"19":{"start":{"line":67,"column":6},"end":{"line":67,"column":26}},"20":{"start":{"line":71,"column":2},"end":{"line":104,"column":3}},"21":{"start":{"line":72,"column":19},"end":{"line":72,"column":44}},"22":{"start":{"line":73,"column":20},"end":{"line":73,"column":64}},"23":{"start":{"line":74,"column":21},"end":{"line":74,"column":47}},"24":{"start":{"line":78,"column":4},"end":{"line":86,"column":5}},"25":{"start":{"line":79,"column":6},"end":{"line":79,"column":42}},"26":{"start":{"line":80,"column":11},"end":{"line":86,"column":5}},"27":{"start":{"line":82,"column":21},"end":{"line":82,"column":72}},"28":{"start":{"line":83,"column":6},"end":{"line":83,"column":45}},"29":{"start":{"line":85,"column":6},"end":{"line":85,"column":68}},"30":{"start":{"line":89,"column":4},"end":{"line":92,"column":7}},"31":{"start":{"line":94,"column":4},"end":{"line":94,"column":23}},"32":{"start":{"line":96,"column":25},"end":{"line":96,"column":79}},"33":{"start":{"line":97,"column":4},"end":{"line":102,"column":5}},"34":{"start":{"line":98,"column":6},"end":{"line":101,"column":9}},"35":{"start":{"line":103,"column":4},"end":{"line":103,"column":66}},"36":{"start":{"line":112,"column":2},"end":{"line":112,"column":22}},"37":{"start":{"line":120,"column":2},"end":{"line":120,"column":30}},"38":{"start":{"line":129,"column":2},"end":{"line":132,"column":4}}},"fnMap":{"0":{"name":"getSecretsManagerClient","decl":{"start":{"line":30,"column":9},"end":{"line":30,"column":32}},"loc":{"start":{"line":30,"column":32},"end":{"line":35,"column":1}}},"1":{"name":"isCacheValid","decl":{"start":{"line":43,"column":9},"end":{"line":43,"column":21}},"loc":{"start":{"line":43,"column":33},"end":{"line":51,"column":1}}},"2":{"name":"getSecret","decl":{"start":{"line":62,"column":22},"end":{"line":62,"column":31}},"loc":{"start":{"line":62,"column":60},"end":{"line":105,"column":1}}},"3":{"name":"clearSecretCache","decl":{"start":{"line":111,"column":16},"end":{"line":111,"column":32}},"loc":{"start":{"line":111,"column":32},"end":{"line":113,"column":1}}},"4":{"name":"resetSecretsManagerClient","decl":{"start":{"line":119,"column":16},"end":{"line":119,"column":41}},"loc":{"start":{"line":119,"column":41},"end":{"line":121,"column":1}}},"5":{"name":"getCacheStats","decl":{"start":{"line":128,"column":16},"end":{"line":128,"column":29}},"loc":{"start":{"line":128,"column":29},"end":{"line":133,"column":1}}}},"branchMap":{"0":{"loc":{"start":{"line":31,"column":2},"end":{"line":33,"column":3}},"type":"if","locations":[{"start":{"line":31,"column":2},"end":{"line":33,"column":3}}]},"1":{"loc":{"start":{"line":32,"column":62},"end":{"line":32,"column":99}},"type":"binary-expr","locations":[{"start":{"line":32,"column":62},"end":{"line":32,"column":84}},{"start":{"line":32,"column":88},"end":{"line":32,"column":99}}]},"2":{"loc":{"start":{"line":45,"column":2},"end":{"line":47,"column":3}},"type":"if","locations":[{"start":{"line":45,"column":2},"end":{"line":47,"column":3}}]},"3":{"loc":{"start":{"line":64,"column":2},"end":{"line":69,"column":3}},"type":"if","locations":[{"start":{"line":64,"column":2},"end":{"line":69,"column":3}}]},"4":{"loc":{"start":{"line":66,"column":4},"end":{"line":68,"column":5}},"type":"if","locations":[{"start":{"line":66,"column":4},"end":{"line":68,"column":5}}]},"5":{"loc":{"start":{"line":78,"column":4},"end":{"line":86,"column":5}},"type":"if","locations":[{"start":{"line":78,"column":4},"end":{"line":86,"column":5}},{"start":{"line":80,"column":11},"end":{"line":86,"column":5}}]},"6":{"loc":{"start":{"line":80,"column":11},"end":{"line":86,"column":5}},"type":"if","locations":[{"start":{"line":80,"column":11},"end":{"line":86,"column":5}},{"start":{"line":84,"column":11},"end":{"line":86,"column":5}}]},"7":{"loc":{"start":{"line":96,"column":25},"end":{"line":96,"column":79}},"type":"cond-expr","locations":[{"start":{"line":96,"column":50},"end":{"line":96,"column":63}},{"start":{"line":96,"column":66},"end":{"line":96,"column":79}}]},"8":{"loc":{"start":{"line":97,"column":4},"end":{"line":102,"column":5}},"type":"if","locations":[{"start":{"line":97,"column":4},"end":{"line":102,"column":5}}]}},"s":{"0":1,"1":1,"2":1,"3":1,"4":1,"5":1,"6":1,"7":1,"8":210,"9":208,"10":210,"11":411,"12":411,"13":210,"14":201,"15":201,"16":411,"17":201,"18":201,"19":201,"20":210,"21":210,"22":210,"23":210,"24":208,"25":206,"26":2,"27":1,"28":1,"29":1,"30":207,"31":207,"32":3,"33":3,"34":1,"35":3,"36":211,"37":210,"38":1},"f":{"0":210,"1":411,"2":411,"3":211,"4":210,"5":1},"b":{"0":[208],"1":[208,208],"2":[210],"3":[201],"4":[201],"5":[206,2],"6":[1,1],"7":[3,0],"8":[1]}}
,"/Users/connorhartland/code/teams-lambda/src/webhook/failureDetector.ts": {"path":"/Users/connorhartland/code/teams-lambda/src/webhook/failureDetector.ts","statementMap":{"0":{"start":{"line":18,"column":0},"end":{"line":18,"column":16}},"1":{"start":{"line":19,"column":2},"end":{"line":21,"column":3}},"2":{"start":{"line":20,"column":4},"end":{"line":20,"column":47}},"3":{"start":{"line":23,"column":2},"end":{"line":25,"column":3}},"4":{"start":{"line":24,"column":4},"end":{"line":24,"column":46}},"5":{"start":{"line":28,"column":2},"end":{"line":28,"column":14}},"6":{"start":{"line":38,"column":2},"end":{"line":65,"column":3}},"7":{"start":{"line":39,"column":25},"end":{"line":39,"column":63}},"8":{"start":{"line":42,"column":4},"end":{"line":44,"column":5}},"9":{"start":{"line":43,"column":6},"end":{"line":43,"column":18}},"10":{"start":{"line":46,"column":23},"end":{"line":46,"column":88}},"11":{"start":{"line":47,"column":19},"end":{"line":47,"column":46}},"12":{"start":{"line":48,"column":17},"end":{"line":48,"column":44}},"13":{"start":{"line":49,"column":20},"end":{"line":49,"column":67}},"14":{"start":{"line":50,"column":17},"end":{"line":50,"column":65}},"15":{"start":{"line":51,"column":19},"end":{"line":51,"column":77}},"16":{"start":{"line":53,"column":4},"end":{"line":62,"column":6}},"17":{"start":{"line":64,"column":4},"end":{"line":64,"column":16}},"18":{"start":{"line":75,"column":2},"end":{"line":111,"column":3}},"19":{"start":{"line":76,"column":25},"end":{"line":76,"column":64}},"20":{"start":{"line":79,"column":4},"end":{"line":81,"column":5}},"21":{"start":{"line":80,"column":6},"end":{"line":80,"column":18}},"22":{"start":{"line":84,"column":4},"end":{"line":86,"column":5}},"23":{"start":{"line":85,"column":6},"end":{"line":85,"column":18}},"24":{"start":{"line":89,"column":23},"end":{"line":89,"column":101}},"25":{"start":{"line":90,"column":19},"end":{"line":90,"column":59}},"26":{"start":{"line":91,"column":19},"end":{"line":91,"column":75}},"27":{"start":{"line":92,"column":17},"end":{"line":92,"column":53}},"28":{"start":{"line":93,"column":25},"end":{"line":93,"column":69}},"29":{"start":{"line":95,"column":19},"end":{"line":97,"column":28}},"30":{"start":{"line":99,"column":4},"end":{"line":108,"column":6}},"31":{"start":{"line":110,"column":4},"end":{"line":110,"column":16}}},"fnMap":{"0":{"name":"detectFailure","decl":{"start":{"line":18,"column":16},"end":{"line":18,"column":29}},"loc":{"start":{"line":18,"column":77},"end":{"line":29,"column":1}}},"1":{"name":"detectPullRequestRejection","decl":{"start":{"line":37,"column":9},"end":{"line":37,"column":35}},"loc":{"start":{"line":37,"column":64},"end":{"line":66,"column":1}}},"2":{"name":"detectCommitStatusFailure","decl":{"start":{"line":74,"column":9},"end":{"line":74,"column":34}},"loc":{"start":{"line":74,"column":63},"end":{"line":112,"column":1}}}},"branchMap":{"0":{"loc":{"start":{"line":19,"column":2},"end":{"line":21,"column":3}},"type":"if","locations":[{"start":{"line":19,"column":2},"end":{"line":21,"column":3}}]},"1":{"loc":{"start":{"line":23,"column":2},"end":{"line":25,"column":3}},"type":"if","locations":[{"start":{"line":23,"column":2},"end":{"line":25,"column":3}}]},"2":{"loc":{"start":{"line":42,"column":4},"end":{"line":44,"column":5}},"type":"if","locations":[{"start":{"line":42,"column":4},"end":{"line":44,"column":5}}]},"3":{"loc":{"start":{"line":42,"column":8},"end":{"line":42,"column":104}},"type":"binary-expr","locations":[{"start":{"line":42,"column":8},"end":{"line":42,"column":38}},{"start":{"line":42,"column":42},"end":{"line":42,"column":71}},{"start":{"line":42,"column":75},"end":{"line":42,"column":104}}]},"4":{"loc":{"start":{"line":46,"column":23},"end":{"line":46,"column":88}},"type":"binary-expr","locations":[{"start":{"line":46,"column":23},"end":{"line":46,"column":56}},{"start":{"line":46,"column":60},"end":{"line":46,"column":88}}]},"5":{"loc":{"start":{"line":49,"column":20},"end":{"line":49,"column":67}},"type":"binary-expr","locations":[{"start":{"line":49,"column":20},"end":{"line":49,"column":50}},{"start":{"line":49,"column":54},"end":{"line":49,"column":67}}]},"6":{"loc":{"start":{"line":50,"column":17},"end":{"line":50,"column":65}},"type":"binary-expr","locations":[{"start":{"line":50,"column":17},"end":{"line":50,"column":59}},{"start":{"line":50,"column":63},"end":{"line":50,"column":65}}]},"7":{"loc":{"start":{"line":51,"column":19},"end":{"line":51,"column":77}},"type":"binary-expr","locations":[{"start":{"line":51,"column":19},"end":{"line":51,"column":64}},{"start":{"line":51,"column":68},"end":{"line":51,"column":77}}]},"8":{"loc":{"start":{"line":79,"column":4},"end":{"line":81,"column":5}},"type":"if","locations":[{"start":{"line":79,"column":4},"end":{"line":81,"column":5}}]},"9":{"loc":{"start":{"line":84,"column":4},"end":{"line":86,"column":5}},"type":"if","locations":[{"start":{"line":84,"column":4},"end":{"line":86,"column":5}}]},"10":{"loc":{"start":{"line":84,"column":8},"end":{"line":84,"column":55}},"type":"binary-expr","locations":[{"start":{"line":84,"column":8},"end":{"line":84,"column":32}},{"start":{"line":84,"column":36},"end":{"line":84,"column":55}}]},"11":{"loc":{"start":{"line":89,"column":23},"end":{"line":89,"column":101}},"type":"binary-expr","locations":[{"start":{"line":89,"column":23},"end":{"line":89,"column":56}},{"start":{"line":89,"column":60},"end":{"line":89,"column":88}},{"start":{"line":89,"column":92},"end":{"line":89,"column":101}}]},"12":{"loc":{"start":{"line":90,"column":19},"end":{"line":90,"column":59}},"type":"binary-expr","locations":[{"start":{"line":90,"column":19},"end":{"line":90,"column":46}},{"start":{"line":90,"column":50},"end":{"line":90,"column":59}}]},"13":{"loc":{"start":{"line":91,"column":19},"end":{"line":91,"column":75}},"type":"binary-expr","locations":[{"start":{"line":91,"column":19},"end":{"line":91,"column":57}},{"start":{"line":91,"column":61},"end":{"line":91,"column":75}}]},"14":{"loc":{"start":{"line":92,"column":17},"end":{"line":92,"column":53}},"type":"binary-expr","locations":[{"start":{"line":92,"column":17},"end":{"line":92,"column":47}},{"start":{"line":92,"column":51},"end":{"line":92,"column":53}}]},"15":{"loc":{"start":{"line":93,"column":25},"end":{"line":93,"column":69}},"type":"binary-expr","locations":[{"start":{"line":93,"column":25},"end":{"line":93,"column":55}},{"start":{"line":93,"column":59},"end":{"line":93,"column":69}}]},"16":{"loc":{"start":{"line":95,"column":19},"end":{"line":97,"column":28}},"type":"binary-expr","locations":[{"start":{"line":95,"column":19},"end":{"line":95,"column":46}},{"start":{"line":96,"column":20},"end":{"line":96,"column":62}},{"start":{"line":96,"column":66},"end":{"line":96,"column":68}},{"start":{"line":97,"column":19},"end":{"line":97,"column":28}}]}},"s":{"0":1,"1":519,"2":205,"3":314,"4":309,"5":5,"6":205,"7":205,"8":205,"9":1,"10":204,"11":204,"12":204,"13":204,"14":204,"15":204,"16":204,"17":0,"18":309,"19":309,"20":309,"21":102,"22":207,"23":1,"24":206,"25":206,"26":206,"27":206,"28":206,"29":206,"30":206,"31":0},"f":{"0":519,"1":205,"2":309},"b":{"0":[205],"1":[309],"2":[1],"3":[205,205,205],"4":[204,1],"5":[204,1],"6":[204,1],"7":[204,204],"8":[102],"9":[1],"10":[207,207],"11":[206,1,0],"12":[206,0],"13":[206,1],"14":[206,1],"15":[206,0],"16":[206,206,205,205]}}
,"/Users/connorhartland/code/teams-lambda/src/webhook/formatter.ts": {"path":"/Users/connorhartland/code/teams-lambda/src/webhook/formatter.ts","statementMap":{"0":{"start":{"line":15,"column":0},"end":{"line":15,"column":16}},"1":{"start":{"line":16,"column":22},"end":{"line":16,"column":62}},"2":{"start":{"line":17,"column":22},"end":{"line":17,"column":75}},"3":{"start":{"line":20,"column":21},"end":{"line":20,"column":80}},"4":{"start":{"line":21,"column":17},"end":{"line":21,"column":72}},"5":{"start":{"line":22,"column":23},"end":{"line":22,"column":86}},"6":{"start":{"line":23,"column":17},"end":{"line":23,"column":72}},"7":{"start":{"line":24,"column":17},"end":{"line":24,"column":72}},"8":{"start":{"line":25,"column":17},"end":{"line":25,"column":98}},"9":{"start":{"line":27,"column":2},"end":{"line":132,"column":4}}},"fnMap":{"0":{"name":"formatMessage","decl":{"start":{"line":15,"column":16},"end":{"line":15,"column":29}},"loc":{"start":{"line":15,"column":51},"end":{"line":133,"column":1}}}},"branchMap":{"0":{"loc":{"start":{"line":16,"column":22},"end":{"line":16,"column":62}},"type":"cond-expr","locations":[{"start":{"line":16,"column":52},"end":{"line":16,"column":55}},{"start":{"line":16,"column":58},"end":{"line":16,"column":62}}]},"1":{"loc":{"start":{"line":17,"column":22},"end":{"line":17,"column":75}},"type":"cond-expr","locations":[{"start":{"line":17,"column":52},"end":{"line":17,"column":63}},{"start":{"line":17,"column":66},"end":{"line":17,"column":75}}]},"2":{"loc":{"start":{"line":20,"column":21},"end":{"line":20,"column":80}},"type":"binary-expr","locations":[{"start":{"line":20,"column":21},"end":{"line":20,"column":67}},{"start":{"line":20,"column":71},"end":{"line":20,"column":80}}]},"3":{"loc":{"start":{"line":20,"column":28},"end":{"line":20,"column":59}},"type":"binary-expr","locations":[{"start":{"line":20,"column":28},"end":{"line":20,"column":46}},{"start":{"line":20,"column":50},"end":{"line":20,"column":59}}]},"4":{"loc":{"start":{"line":21,"column":17},"end":{"line":21,"column":72}},"type":"binary-expr","locations":[{"start":{"line":21,"column":17},"end":{"line":21,"column":59}},{"start":{"line":21,"column":63},"end":{"line":21,"column":72}}]},"5":{"loc":{"start":{"line":21,"column":24},"end":{"line":21,"column":51}},"type":"binary-expr","locations":[{"start":{"line":21,"column":24},"end":{"line":21,"column":38}},{"start":{"line":21,"column":42},"end":{"line":21,"column":51}}]},"6":{"loc":{"start":{"line":22,"column":23},"end":{"line":22,"column":86}},"type":"binary-expr","locations":[{"start":{"line":22,"column":23},"end":{"line":22,"column":72}},{"start":{"line":22,"column":76},"end":{"line":22,"column":86}}]},"7":{"loc":{"start":{"line":22,"column":30},"end":{"line":22,"column":64}},"type":"binary-expr","locations":[{"start":{"line":22,"column":30},"end":{"line":22,"column":50}},{"start":{"line":22,"column":54},"end":{"line":22,"column":64}}]},"8":{"loc":{"start":{"line":23,"column":17},"end":{"line":23,"column":72}},"type":"binary-expr","locations":[{"start":{"line":23,"column":17},"end":{"line":23,"column":59}},{"start":{"line":23,"column":63},"end":{"line":23,"column":72}}]},"9":{"loc":{"start":{"line":23,"column":24},"end":{"line":23,"column":51}},"type":"binary-expr","locations":[{"start":{"line":23,"column":24},"end":{"line":23,"column":38}},{"start":{"line":23,"column":42},"end":{"line":23,"column":51}}]},"10":{"loc":{"start":{"line":24,"column":17},"end":{"line":24,"column":72}},"type":"binary-expr","locations":[{"start":{"line":24,"column":17},"end":{"line":24,"column":59}},{"start":{"line":24,"column":63},"end":{"line":24,"column":72}}]},"11":{"loc":{"start":{"line":24,"column":24},"end":{"line":24,"column":51}},"type":"binary-expr","locations":[{"start":{"line":24,"column":24},"end":{"line":24,"column":38}},{"start":{"line":24,"column":42},"end":{"line":24,"column":51}}]},"12":{"loc":{"start":{"line":25,"column":17},"end":{"line":25,"column":98}},"type":"binary-expr","locations":[{"start":{"line":25,"column":17},"end":{"line":25,"column":72}},{"start":{"line":25,"column":76},"end":{"line":25,"column":98}}]},"13":{"loc":{"start":{"line":25,"column":24},"end":{"line":25,"column":64}},"type":"binary-expr","locations":[{"start":{"line":25,"column":24},"end":{"line":25,"column":38}},{"start":{"line":25,"column":42},"end":{"line":25,"column":64}}]},"14":{"loc":{"start":{"line":128,"column":13},"end":{"line":128,"column":32}},"type":"binary-expr","locations":[{"start":{"line":128,"column":13},"end":{"line":128,"column":25}},{"start":{"line":128,"column":29},"end":{"line":128,"column":32}}]}},"s":{"0":1,"1":208,"2":208,"3":208,"4":208,"5":208,"6":208,"7":208,"8":208,"9":208},"f":{"0":208},"b":{"0":[117,91],"1":[117,91],"2":[208,0],"3":[208,0],"4":[208,0],"5":[208,0],"6":[208,1],"7":[208,0],"8":[208,1],"9":[208,0],"10":[208,0],"11":[208,0],"12":[208,1],"13":[208,0],"14":[208,0]}}
,"/Users/connorhartland/code/teams-lambda/src/webhook/index.ts": {"path":"/Users/connorhartland/code/teams-lambda/src/webhook/index.ts","statementMap":{"0":{"start":{"line":5,"column":0},"end":{"line":5,"column":9}},"1":{"start":{"line":5,"column":9},"end":{"line":5,"column":29}},"2":{"start":{"line":5,"column":29},"end":{"line":5,"column":80}},"3":{"start":{"line":6,"column":0},"end":{"line":6,"column":9}},"4":{"start":{"line":6,"column":9},"end":{"line":6,"column":44}}},"fnMap":{"0":{"name":"(anonymous_0)","decl":{"start":{"line":5,"column":9},"end":{"line":5,"column":27}},"loc":{"start":{"line":5,"column":9},"end":{"line":5,"column":29}}},"1":{"name":"(anonymous_1)","decl":{"start":{"line":5,"column":29},"end":{"line":5,"column":45}},"loc":{"start":{"line":5,"column":29},"end":{"line":5,"column":80}}},"2":{"name":"(anonymous_2)","decl":{"start":{"line":6,"column":9},"end":{"line":6,"column":22}},"loc":{"start":{"line":6,"column":9},"end":{"line":6,"column":44}}}},"branchMap":{},"s":{"0":0,"1":0,"2":0,"3":0,"4":0},"f":{"0":0,"1":0,"2":0},"b":{}}
,"/Users/connorhartland/code/teams-lambda/src/webhook/ipWhitelist.ts": {"path":"/Users/connorhartland/code/teams-lambda/src/webhook/ipWhitelist.ts","statementMap":{"0":{"start":{"line":18,"column":0},"end":{"line":18,"column":16}},"1":{"start":{"line":90,"column":0},"end":{"line":90,"column":16}},"2":{"start":{"line":116,"column":0},"end":{"line":116,"column":16}},"3":{"start":{"line":7,"column":0},"end":{"line":7,"column":51}},"4":{"start":{"line":12,"column":25},"end":{"line":12,"column":44}},"5":{"start":{"line":19,"column":2},"end":{"line":19,"column":20}},"6":{"start":{"line":28,"column":16},"end":{"line":28,"column":29}},"7":{"start":{"line":29,"column":2},"end":{"line":31,"column":3}},"8":{"start":{"line":30,"column":4},"end":{"line":30,"column":49}},"9":{"start":{"line":33,"column":15},"end":{"line":33,"column":16}},"10":{"start":{"line":34,"column":2},"end":{"line":40,"column":3}},"11":{"start":{"line":34,"column":15},"end":{"line":34,"column":16}},"12":{"start":{"line":35,"column":17},"end":{"line":35,"column":39}},"13":{"start":{"line":36,"column":4},"end":{"line":38,"column":5}},"14":{"start":{"line":37,"column":6},"end":{"line":37,"column":51}},"15":{"start":{"line":39,"column":4},"end":{"line":39,"column":34}},"16":{"start":{"line":42,"column":2},"end":{"line":42,"column":22}},"17":{"start":{"line":51,"column":26},"end":{"line":51,"column":41}},"18":{"start":{"line":52,"column":2},"end":{"line":54,"column":3}},"19":{"start":{"line":53,"column":4},"end":{"line":53,"column":54}},"20":{"start":{"line":56,"column":17},"end":{"line":56,"column":40}},"21":{"start":{"line":57,"column":2},"end":{"line":59,"column":3}},"22":{"start":{"line":58,"column":4},"end":{"line":58,"column":57}},"23":{"start":{"line":61,"column":18},"end":{"line":61,"column":29}},"24":{"start":{"line":62,"column":15},"end":{"line":62,"column":69}},"25":{"start":{"line":64,"column":2},"end":{"line":64,"column":27}},"26":{"start":{"line":74,"column":2},"end":{"line":80,"column":3}},"27":{"start":{"line":75,"column":18},"end":{"line":75,"column":29}},"28":{"start":{"line":76,"column":30},"end":{"line":76,"column":45}},"29":{"start":{"line":77,"column":4},"end":{"line":77,"column":47}},"30":{"start":{"line":79,"column":4},"end":{"line":79,"column":17}},"31":{"start":{"line":92,"column":24},"end":{"line":92,"column":92}},"32":{"start":{"line":93,"column":2},"end":{"line":100,"column":3}},"33":{"start":{"line":95,"column":16},"end":{"line":95,"column":40}},"34":{"start":{"line":96,"column":20},"end":{"line":96,"column":34}},"35":{"start":{"line":97,"column":4},"end":{"line":99,"column":5}},"36":{"start":{"line":98,"column":6},"end":{"line":98,"column":21}},"37":{"start":{"line":103,"column":2},"end":{"line":105,"column":3}},"38":{"start":{"line":104,"column":4},"end":{"line":104,"column":50}},"39":{"start":{"line":107,"column":2},"end":{"line":107,"column":19}},"40":{"start":{"line":117,"column":2},"end":{"line":121,"column":3}},"41":{"start":{"line":118,"column":4},"end":{"line":120,"column":5}},"42":{"start":{"line":119,"column":6},"end":{"line":119,"column":18}},"43":{"start":{"line":122,"column":2},"end":{"line":122,"column":15}}},"fnMap":{"0":{"name":"setIpRanges","decl":{"start":{"line":18,"column":16},"end":{"line":18,"column":27}},"loc":{"start":{"line":18,"column":44},"end":{"line":20,"column":1}}},"1":{"name":"ipToInt","decl":{"start":{"line":27,"column":9},"end":{"line":27,"column":16}},"loc":{"start":{"line":27,"column":27},"end":{"line":43,"column":1}}},"2":{"name":"parseCIDR","decl":{"start":{"line":50,"column":9},"end":{"line":50,"column":18}},"loc":{"start":{"line":50,"column":31},"end":{"line":65,"column":1}}},"3":{"name":"isIpInCIDR","decl":{"start":{"line":73,"column":9},"end":{"line":73,"column":19}},"loc":{"start":{"line":73,"column":44},"end":{"line":81,"column":1}}},"4":{"name":"extractSourceIp","decl":{"start":{"line":90,"column":16},"end":{"line":90,"column":31}},"loc":{"start":{"line":90,"column":59},"end":{"line":108,"column":1}}},"5":{"name":"isIpWhitelisted","decl":{"start":{"line":116,"column":16},"end":{"line":116,"column":31}},"loc":{"start":{"line":116,"column":48},"end":{"line":123,"column":1}}}},"branchMap":{"0":{"loc":{"start":{"line":29,"column":2},"end":{"line":31,"column":3}},"type":"if","locations":[{"start":{"line":29,"column":2},"end":{"line":31,"column":3}}]},"1":{"loc":{"start":{"line":36,"column":4},"end":{"line":38,"column":5}},"type":"if","locations":[{"start":{"line":36,"column":4},"end":{"line":38,"column":5}}]},"2":{"loc":{"start":{"line":36,"column":8},"end":{"line":36,"column":45}},"type":"binary-expr","locations":[{"start":{"line":36,"column":8},"end":{"line":36,"column":19}},{"start":{"line":36,"column":23},"end":{"line":36,"column":31}},{"start":{"line":36,"column":35},"end":{"line":36,"column":45}}]},"3":{"loc":{"start":{"line":52,"column":2},"end":{"line":54,"column":3}},"type":"if","locations":[{"start":{"line":52,"column":2},"end":{"line":54,"column":3}}]},"4":{"loc":{"start":{"line":52,"column":6},"end":{"line":52,"column":23}},"type":"binary-expr","locations":[{"start":{"line":52,"column":6},"end":{"line":52,"column":9}},{"start":{"line":52,"column":13},"end":{"line":52,"column":23}}]},"5":{"loc":{"start":{"line":57,"column":2},"end":{"line":59,"column":3}},"type":"if","locations":[{"start":{"line":57,"column":2},"end":{"line":59,"column":3}}]},"6":{"loc":{"start":{"line":57,"column":6},"end":{"line":57,"column":48}},"type":"binary-expr","locations":[{"start":{"line":57,"column":6},"end":{"line":57,"column":19}},{"start":{"line":57,"column":23},"end":{"line":57,"column":33}},{"start":{"line":57,"column":37},"end":{"line":57,"column":48}}]},"7":{"loc":{"start":{"line":62,"column":15},"end":{"line":62,"column":69}},"type":"cond-expr","locations":[{"start":{"line":62,"column":30},"end":{"line":62,"column":31}},{"start":{"line":62,"column":34},"end":{"line":62,"column":69}}]},"8":{"loc":{"start":{"line":92,"column":24},"end":{"line":92,"column":92}},"type":"binary-expr","locations":[{"start":{"line":92,"column":24},"end":{"line":92,"column":56}},{"start":{"line":92,"column":60},"end":{"line":92,"column":92}}]},"9":{"loc":{"start":{"line":93,"column":2},"end":{"line":100,"column":3}},"type":"if","locations":[{"start":{"line":93,"column":2},"end":{"line":100,"column":3}}]},"10":{"loc":{"start":{"line":97,"column":4},"end":{"line":99,"column":5}},"type":"if","locations":[{"start":{"line":97,"column":4},"end":{"line":99,"column":5}}]},"11":{"loc":{"start":{"line":103,"column":2},"end":{"line":105,"column":3}},"type":"if","locations":[{"start":{"line":103,"column":2},"end":{"line":105,"column":3}}]},"12":{"loc":{"start":{"line":118,"column":4},"end":{"line":120,"column":5}},"type":"if","locations":[{"start":{"line":118,"column":4},"end":{"line":120,"column":5}}]}},"s":{"0":1,"1":1,"2":1,"3":1,"4":1,"5":0,"6":898,"7":898,"8":9,"9":889,"10":889,"11":889,"12":3547,"13":3547,"14":3,"15":3544,"16":886,"17":443,"18":443,"19":0,"20":443,"21":443,"22":0,"23":443,"24":443,"25":443,"26":455,"27":455,"28":443,"29":443,"30":12,"31":105,"32":105,"33":103,"34":103,"35":103,"36":103,"37":2,"38":1,"39":1,"40":223,"41":455,"42":111,"43":112},"f":{"0":0,"1":898,"2":443,"3":455,"4":105,"5":223},"b":{"0":[9],"1":[3],"2":[3547,3547,3547],"3":[0],"4":[443,443],"5":[0],"6":[443,443,443],"7":[0,443],"8":[105,3],"9":[103],"10":[103],"11":[1],"12":[111]}}
,"/Users/connorhartland/code/teams-lambda/src/webhook/reception.ts": {"path":"/Users/connorhartland/code/teams-lambda/src/webhook/reception.ts","statementMap":{"0":{"start":{"line":26,"column":0},"end":{"line":26,"column":16}},"1":{"start":{"line":95,"column":0},"end":{"line":95,"column":16}},"2":{"start":{"line":27,"column":2},"end":{"line":85,"column":3}},"3":{"start":{"line":29,"column":20},"end":{"line":29,"column":80}},"4":{"start":{"line":32,"column":4},"end":{"line":37,"column":5}},"5":{"start":{"line":33,"column":24},"end":{"line":34,"column":null}},"6":{"start":{"line":34,"column":15},"end":{"line":34,"column":50}},"7":{"start":{"line":36,"column":6},"end":{"line":36,"column":67}},"8":{"start":{"line":39,"column":4},"end":{"line":44,"column":5}},"9":{"start":{"line":40,"column":6},"end":{"line":42,"column":9}},"10":{"start":{"line":43,"column":6},"end":{"line":43,"column":18}},"11":{"start":{"line":47,"column":20},"end":{"line":47,"column":88}},"12":{"start":{"line":50,"column":4},"end":{"line":55,"column":5}},"13":{"start":{"line":51,"column":24},"end":{"line":52,"column":null}},"14":{"start":{"line":52,"column":15},"end":{"line":52,"column":54}},"15":{"start":{"line":54,"column":6},"end":{"line":54,"column":67}},"16":{"start":{"line":57,"column":4},"end":{"line":62,"column":5}},"17":{"start":{"line":58,"column":6},"end":{"line":60,"column":9}},"18":{"start":{"line":61,"column":6},"end":{"line":61,"column":18}},"19":{"start":{"line":65,"column":15},"end":{"line":65,"column":31}},"20":{"start":{"line":66,"column":4},"end":{"line":68,"column":5}},"21":{"start":{"line":67,"column":6},"end":{"line":67,"column":59}},"22":{"start":{"line":70,"column":4},"end":{"line":73,"column":7}},"23":{"start":{"line":75,"column":4},"end":{"line":79,"column":6}},"24":{"start":{"line":81,"column":4},"end":{"line":83,"column":7}},"25":{"start":{"line":84,"column":4},"end":{"line":84,"column":16}},"26":{"start":{"line":96,"column":2},"end":{"line":103,"column":3}},"27":{"start":{"line":97,"column":4},"end":{"line":97,"column":28}},"28":{"start":{"line":99,"column":4},"end":{"line":101,"column":7}},"29":{"start":{"line":102,"column":4},"end":{"line":102,"column":16}}},"fnMap":{"0":{"name":"extractWebhookData","decl":{"start":{"line":26,"column":16},"end":{"line":26,"column":34}},"loc":{"start":{"line":26,"column":78},"end":{"line":86,"column":1}}},"1":{"name":"(anonymous_1)","decl":{"start":{"line":34,"column":8},"end":{"line":34,"column":11}},"loc":{"start":{"line":34,"column":15},"end":{"line":34,"column":50}}},"2":{"name":"(anonymous_2)","decl":{"start":{"line":52,"column":8},"end":{"line":52,"column":11}},"loc":{"start":{"line":52,"column":15},"end":{"line":52,"column":54}}},"3":{"name":"parseWebhookBody","decl":{"start":{"line":95,"column":16},"end":{"line":95,"column":32}},"loc":{"start":{"line":95,"column":61},"end":{"line":104,"column":1}}}},"branchMap":{"0":{"loc":{"start":{"line":29,"column":20},"end":{"line":29,"column":80}},"type":"binary-expr","locations":[{"start":{"line":29,"column":20},"end":{"line":29,"column":48}},{"start":{"line":29,"column":52},"end":{"line":29,"column":80}}]},"1":{"loc":{"start":{"line":32,"column":4},"end":{"line":37,"column":5}},"type":"if","locations":[{"start":{"line":32,"column":4},"end":{"line":37,"column":5}}]},"2":{"loc":{"start":{"line":36,"column":18},"end":{"line":36,"column":66}},"type":"cond-expr","locations":[{"start":{"line":36,"column":30},"end":{"line":36,"column":54}},{"start":{"line":36,"column":57},"end":{"line":36,"column":66}}]},"3":{"loc":{"start":{"line":39,"column":4},"end":{"line":44,"column":5}},"type":"if","locations":[{"start":{"line":39,"column":4},"end":{"line":44,"column":5}}]},"4":{"loc":{"start":{"line":47,"column":20},"end":{"line":47,"column":88}},"type":"binary-expr","locations":[{"start":{"line":47,"column":20},"end":{"line":47,"column":52}},{"start":{"line":47,"column":56},"end":{"line":47,"column":88}}]},"5":{"loc":{"start":{"line":50,"column":4},"end":{"line":55,"column":5}},"type":"if","locations":[{"start":{"line":50,"column":4},"end":{"line":55,"column":5}}]},"6":{"loc":{"start":{"line":54,"column":18},"end":{"line":54,"column":66}},"type":"cond-expr","locations":[{"start":{"line":54,"column":30},"end":{"line":54,"column":54}},{"start":{"line":54,"column":57},"end":{"line":54,"column":66}}]},"7":{"loc":{"start":{"line":57,"column":4},"end":{"line":62,"column":5}},"type":"if","locations":[{"start":{"line":57,"column":4},"end":{"line":62,"column":5}}]},"8":{"loc":{"start":{"line":65,"column":15},"end":{"line":65,"column":31}},"type":"binary-expr","locations":[{"start":{"line":65,"column":15},"end":{"line":65,"column":25}},{"start":{"line":65,"column":29},"end":{"line":65,"column":31}}]},"9":{"loc":{"start":{"line":66,"column":4},"end":{"line":68,"column":5}},"type":"if","locations":[{"start":{"line":66,"column":4},"end":{"line":68,"column":5}}]},"10":{"loc":{"start":{"line":82,"column":13},"end":{"line":82,"column":67}},"type":"cond-expr","locations":[{"start":{"line":82,"column":38},"end":{"line":82,"column":51}},{"start":{"line":82,"column":54},"end":{"line":82,"column":67}}]},"11":{"loc":{"start":{"line":100,"column":13},"end":{"line":100,"column":67}},"type":"cond-expr","locations":[{"start":{"line":100,"column":38},"end":{"line":100,"column":51}},{"start":{"line":100,"column":54},"end":{"line":100,"column":67}}]}},"s":{"0":1,"1":1,"2":106,"3":106,"4":106,"5":1,"6":1,"7":1,"8":106,"9":1,"10":1,"11":105,"12":105,"13":1,"14":1,"15":1,"16":105,"17":1,"18":1,"19":104,"20":104,"21":101,"22":104,"23":104,"24":0,"25":0,"26":4,"27":4,"28":2,"29":2},"f":{"0":106,"1":1,"2":1,"3":4},"b":{"0":[106,2],"1":[1],"2":[0,1],"3":[1],"4":[105,2],"5":[1],"6":[0,1],"7":[1],"8":[104,1],"9":[101],"10":[0,0],"11":[2,0]}}
,"/Users/connorhartland/code/teams-lambda/src/webhook/signature.ts": {"path":"/Users/connorhartland/code/teams-lambda/src/webhook/signature.ts","statementMap":{"0":{"start":{"line":17,"column":0},"end":{"line":17,"column":16}},"1":{"start":{"line":6,"column":0},"end":{"line":6,"column":53}},"2":{"start":{"line":18,"column":2},"end":{"line":45,"column":3}},"3":{"start":{"line":20,"column":27},"end":{"line":20,"column":47}},"4":{"start":{"line":21,"column":4},"end":{"line":23,"column":5}},"5":{"start":{"line":22,"column":6},"end":{"line":22,"column":19}},"6":{"start":{"line":25,"column":30},"end":{"line":25,"column":47}},"7":{"start":{"line":28,"column":17},"end":{"line":28,"column":45}},"8":{"start":{"line":29,"column":4},"end":{"line":29,"column":22}},"9":{"start":{"line":30,"column":30},"end":{"line":30,"column":48}},"10":{"start":{"line":33,"column":27},"end":{"line":33,"column":64}},"11":{"start":{"line":34,"column":27},"end":{"line":34,"column":64}},"12":{"start":{"line":37,"column":4},"end":{"line":39,"column":5}},"13":{"start":{"line":38,"column":6},"end":{"line":38,"column":19}},"14":{"start":{"line":41,"column":4},"end":{"line":41,"column":59}},"15":{"start":{"line":44,"column":4},"end":{"line":44,"column":17}}},"fnMap":{"0":{"name":"verifySignature","decl":{"start":{"line":17,"column":16},"end":{"line":17,"column":31}},"loc":{"start":{"line":17,"column":79},"end":{"line":46,"column":1}}}},"branchMap":{"0":{"loc":{"start":{"line":21,"column":4},"end":{"line":23,"column":5}},"type":"if","locations":[{"start":{"line":21,"column":4},"end":{"line":23,"column":5}}]},"1":{"loc":{"start":{"line":21,"column":8},"end":{"line":21,"column":69}},"type":"binary-expr","locations":[{"start":{"line":21,"column":8},"end":{"line":21,"column":35}},{"start":{"line":21,"column":39},"end":{"line":21,"column":69}}]},"2":{"loc":{"start":{"line":37,"column":4},"end":{"line":39,"column":5}},"type":"if","locations":[{"start":{"line":37,"column":4},"end":{"line":39,"column":5}}]}},"s":{"0":1,"1":1,"2":411,"3":411,"4":411,"5":3,"6":408,"7":408,"8":408,"9":408,"10":408,"11":408,"12":408,"13":1,"14":407,"15":0},"f":{"0":411},"b":{"0":[3],"1":[411,409],"2":[1]}}
,"/Users/connorhartland/code/teams-lambda/src/webhook/teamsClient.ts": {"path":"/Users/connorhartland/code/teams-lambda/src/webhook/teamsClient.ts","statementMap":{"0":{"start":{"line":19,"column":0},"end":{"line":19,"column":7}},"1":{"start":{"line":6,"column":0},"end":{"line":6,"column":31}},"2":{"start":{"line":24,"column":2},"end":{"line":113,"column":5}},"3":{"start":{"line":25,"column":4},"end":{"line":112,"column":5}},"4":{"start":{"line":27,"column":18},"end":{"line":27,"column":37}},"5":{"start":{"line":30,"column":22},"end":{"line":46,"column":8}},"6":{"start":{"line":39,"column":75},"end":{"line":39,"column":99}},"7":{"start":{"line":40,"column":71},"end":{"line":40,"column":91}},"8":{"start":{"line":41,"column":75},"end":{"line":41,"column":97}},"9":{"start":{"line":42,"column":71},"end":{"line":42,"column":97}},"10":{"start":{"line":43,"column":77},"end":{"line":43,"column":97}},"11":{"start":{"line":49,"column":22},"end":{"line":59,"column":8}},"12":{"start":{"line":62,"column":18},"end":{"line":85,"column":8}},"13":{"start":{"line":63,"column":19},"end":{"line":63,"column":21}},"14":{"start":{"line":65,"column":8},"end":{"line":67,"column":11}},"15":{"start":{"line":66,"column":10},"end":{"line":66,"column":24}},"16":{"start":{"line":69,"column":8},"end":{"line":84,"column":11}},"17":{"start":{"line":71,"column":10},"end":{"line":83,"column":11}},"18":{"start":{"line":72,"column":12},"end":{"line":74,"column":15}},"19":{"start":{"line":75,"column":12},"end":{"line":75,"column":26}},"20":{"start":{"line":78,"column":12},"end":{"line":81,"column":15}},"21":{"start":{"line":82,"column":12},"end":{"line":82,"column":27}},"22":{"start":{"line":88,"column":6},"end":{"line":93,"column":9}},"23":{"start":{"line":89,"column":8},"end":{"line":91,"column":11}},"24":{"start":{"line":92,"column":8},"end":{"line":92,"column":23}},"25":{"start":{"line":96,"column":6},"end":{"line":102,"column":9}},"26":{"start":{"line":97,"column":8},"end":{"line":97,"column":22}},"27":{"start":{"line":98,"column":8},"end":{"line":100,"column":11}},"28":{"start":{"line":101,"column":8},"end":{"line":101,"column":23}},"29":{"start":{"line":105,"column":6},"end":{"line":105,"column":25}},"30":{"start":{"line":106,"column":6},"end":{"line":106,"column":16}},"31":{"start":{"line":108,"column":6},"end":{"line":110,"column":9}},"32":{"start":{"line":111,"column":6},"end":{"line":111,"column":21}}},"fnMap":{"0":{"name":"postToTeams","decl":{"start":{"line":19,"column":22},"end":{"line":19,"column":33}},"loc":{"start":{"line":22,"column":16},"end":{"line":114,"column":1}}},"1":{"name":"(anonymous_10)","decl":{"start":{"line":24,"column":21},"end":{"line":24,"column":22}},"loc":{"start":{"line":24,"column":33},"end":{"line":113,"column":3}}},"2":{"name":"(anonymous_11)","decl":{"start":{"line":39,"column":63},"end":{"line":39,"column":64}},"loc":{"start":{"line":39,"column":75},"end":{"line":39,"column":99}}},"3":{"name":"(anonymous_12)","decl":{"start":{"line":40,"column":59},"end":{"line":40,"column":60}},"loc":{"start":{"line":40,"column":71},"end":{"line":40,"column":91}}},"4":{"name":"(anonymous_13)","decl":{"start":{"line":41,"column":63},"end":{"line":41,"column":64}},"loc":{"start":{"line":41,"column":75},"end":{"line":41,"column":97}}},"5":{"name":"(anonymous_14)","decl":{"start":{"line":42,"column":59},"end":{"line":42,"column":60}},"loc":{"start":{"line":42,"column":71},"end":{"line":42,"column":97}}},"6":{"name":"(anonymous_15)","decl":{"start":{"line":43,"column":65},"end":{"line":43,"column":66}},"loc":{"start":{"line":43,"column":77},"end":{"line":43,"column":97}}},"7":{"name":"(anonymous_16)","decl":{"start":{"line":62,"column":41},"end":{"line":62,"column":42}},"loc":{"start":{"line":62,"column":49},"end":{"line":85,"column":7}}},"8":{"name":"(anonymous_17)","decl":{"start":{"line":65,"column":23},"end":{"line":65,"column":24}},"loc":{"start":{"line":65,"column":33},"end":{"line":67,"column":9}}},"9":{"name":"(anonymous_18)","decl":{"start":{"line":69,"column":22},"end":{"line":69,"column":25}},"loc":{"start":{"line":69,"column":27},"end":{"line":84,"column":9}}},"10":{"name":"(anonymous_19)","decl":{"start":{"line":88,"column":22},"end":{"line":88,"column":23}},"loc":{"start":{"line":88,"column":32},"end":{"line":93,"column":7}}},"11":{"name":"(anonymous_20)","decl":{"start":{"line":96,"column":24},"end":{"line":96,"column":27}},"loc":{"start":{"line":96,"column":29},"end":{"line":102,"column":7}}}},"branchMap":{"0":{"loc":{"start":{"line":39,"column":20},"end":{"line":39,"column":120}},"type":"binary-expr","locations":[{"start":{"line":39,"column":20},"end":{"line":39,"column":107}},{"start":{"line":39,"column":111},"end":{"line":39,"column":120}}]},"1":{"loc":{"start":{"line":40,"column":16},"end":{"line":40,"column":112}},"type":"binary-expr","locations":[{"start":{"line":40,"column":16},"end":{"line":40,"column":99}},{"start":{"line":40,"column":103},"end":{"line":40,"column":112}}]},"2":{"loc":{"start":{"line":41,"column":20},"end":{"line":41,"column":119}},"type":"binary-expr","locations":[{"start":{"line":41,"column":20},"end":{"line":41,"column":105}},{"start":{"line":41,"column":109},"end":{"line":41,"column":119}}]},"3":{"loc":{"start":{"line":42,"column":16},"end":{"line":42,"column":118}},"type":"binary-expr","locations":[{"start":{"line":42,"column":16},"end":{"line":42,"column":105}},{"start":{"line":42,"column":109},"end":{"line":42,"column":118}}]},"4":{"loc":{"start":{"line":43,"column":22},"end":{"line":43,"column":118}},"type":"binary-expr","locations":[{"start":{"line":43,"column":22},"end":{"line":43,"column":105}},{"start":{"line":43,"column":109},"end":{"line":43,"column":118}}]},"5":{"loc":{"start":{"line":44,"column":21},"end":{"line":44,"column":82}},"type":"binary-expr","locations":[{"start":{"line":44,"column":21},"end":{"line":44,"column":56}},{"start":{"line":44,"column":60},"end":{"line":44,"column":82}}]},"6":{"loc":{"start":{"line":45,"column":13},"end":{"line":45,"column":44}},"type":"binary-expr","locations":[{"start":{"line":45,"column":13},"end":{"line":45,"column":38}},{"start":{"line":45,"column":42},"end":{"line":45,"column":44}}]},"7":{"loc":{"start":{"line":51,"column":14},"end":{"line":51,"column":29}},"type":"binary-expr","locations":[{"start":{"line":51,"column":14},"end":{"line":51,"column":22}},{"start":{"line":51,"column":26},"end":{"line":51,"column":29}}]},"8":{"loc":{"start":{"line":71,"column":10},"end":{"line":83,"column":11}},"type":"if","locations":[{"start":{"line":71,"column":10},"end":{"line":83,"column":11}},{"start":{"line":76,"column":17},"end":{"line":83,"column":11}}]},"9":{"loc":{"start":{"line":71,"column":14},"end":{"line":71,"column":62}},"type":"binary-expr","locations":[{"start":{"line":71,"column":14},"end":{"line":71,"column":36}},{"start":{"line":71,"column":40},"end":{"line":71,"column":62}}]},"10":{"loc":{"start":{"line":109,"column":15},"end":{"line":109,"column":69}},"type":"cond-expr","locations":[{"start":{"line":109,"column":40},"end":{"line":109,"column":53}},{"start":{"line":109,"column":56},"end":{"line":109,"column":69}}]}},"s":{"0":1,"1":1,"2":210,"3":210,"4":210,"5":209,"6":0,"7":0,"8":0,"9":0,"10":0,"11":209,"12":209,"13":207,"14":207,"15":207,"16":207,"17":207,"18":106,"19":106,"20":101,"21":101,"22":209,"23":1,"24":1,"25":209,"26":1,"27":1,"28":1,"29":209,"30":209,"31":1,"32":1},"f":{"0":210,"1":210,"2":0,"3":0,"4":0,"5":0,"6":0,"7":207,"8":207,"9":207,"10":1,"11":1},"b":{"0":[209,209],"1":[209,209],"2":[209,209],"3":[209,209],"4":[209,209],"5":[209,209],"6":[209,209],"7":[209,209],"8":[106,101],"9":[207,102],"10":[0,1]}}
}
