TN:
SF:src/config.ts
FN:20,(anonymous_0)
FN:41,(anonymous_1)
FNF:2
FNH:1
FNDA:207,(anonymous_0)
FNDA:0,(anonymous_1)
DA:7,1
DA:12,1
DA:21,207
DA:22,207
DA:23,207
DA:24,207
DA:27,207
DA:28,52
DA:31,155
DA:32,51
DA:36,104
DA:39,104
DA:40,104
DA:41,0
DA:44,104
LF:15
LH:14
BRDA:23,0,0,207
BRDA:23,0,1,205
BRDA:27,1,0,52
BRDA:31,2,0,51
BRDA:40,3,0,0
BRF:5
BRH:4
end_of_record
TN:
SF:src/constants.ts
FNF:0
FNH:0
DA:9,2
LF:1
LH:1
BRF:0
BRH:0
end_of_record
TN:
SF:src/logger.ts
FN:24,(anonymous_0)
FN:36,(anonymous_1)
FN:75,(anonymous_2)
FN:89,(anonymous_3)
FN:122,(anonymous_4)
FN:145,(anonymous_5)
FN:155,(anonymous_6)
FN:165,(anonymous_7)
FNF:8
FNH:8
FNDA:640,(anonymous_0)
FNDA:1358,(anonymous_1)
FNDA:1766,(anonymous_2)
FNDA:4,(anonymous_3)
FNDA:737,(anonymous_4)
FNDA:325,(anonymous_5)
FNDA:3,(anonymous_6)
FNDA:409,(anonymous_7)
DA:20,4
DA:25,640
DA:26,640
DA:37,1358
DA:38,0
DA:42,1358
DA:45,1358
DA:48,1358
DA:51,1358
DA:52,1358
DA:55,1358
DA:58,1358
DA:61,1358
DA:64,1358
DA:66,1358
DA:76,1766
DA:77,0
DA:80,1766
DA:81,621
DA:84,1145
DA:85,412
DA:88,733
DA:89,4
DA:92,730
DA:93,730
DA:94,1341
DA:95,1341
DA:97,1341
DA:105,306
DA:107,1035
DA:111,730
DA:123,737
DA:124,737
DA:125,737
DA:127,737
DA:136,737
DA:146,325
DA:156,3
DA:166,409
LF:39
LH:37
BRDA:37,0,0,0
BRDA:76,1,0,0
BRDA:76,2,0,1766
BRDA:76,2,1,1766
BRDA:80,3,0,621
BRDA:84,4,0,412
BRDA:88,5,0,3
BRDA:94,6,0,1341
BRDA:97,7,0,306
BRDA:97,7,1,1035
BRDA:98,8,0,1341
BRDA:98,8,1,1240
BRDA:98,8,2,1137
BRDA:98,8,3,1036
BRDA:98,8,4,1036
BRDA:98,8,5,1036
BRDA:125,9,0,727
BRDA:125,9,1,10
BRF:18
BRH:16
end_of_record
TN:
SF:src/secrets.ts
FN:30,getSecretsManagerClient
FN:43,isCacheValid
FN:62,getSecret
FN:111,clearSecretCache
FN:119,resetSecretsManagerClient
FN:128,getCacheStats
FNF:6
FNH:6
FNDA:210,getSecretsManagerClient
FNDA:411,isCacheValid
FNDA:411,getSecret
FNDA:211,clearSecretCache
FNDA:210,resetSecretsManagerClient
FNDA:1,getCacheStats
DA:6,1
DA:12,1
DA:17,1
DA:22,1
DA:31,210
DA:32,208
DA:34,210
DA:44,411
DA:45,411
DA:46,210
DA:49,201
DA:50,201
DA:62,1
DA:64,411
DA:65,201
DA:66,201
DA:67,201
DA:71,210
DA:72,210
DA:73,210
DA:74,210
DA:78,208
DA:79,206
DA:80,2
DA:82,1
DA:83,1
DA:85,1
DA:89,207
DA:94,207
DA:96,3
DA:97,3
DA:98,1
DA:103,3
DA:111,1
DA:112,211
DA:119,1
DA:120,210
DA:128,1
DA:129,1
LF:39
LH:39
BRDA:31,0,0,208
BRDA:32,1,0,208
BRDA:32,1,1,208
BRDA:45,2,0,210
BRDA:64,3,0,201
BRDA:66,4,0,201
BRDA:78,5,0,206
BRDA:78,5,1,2
BRDA:80,6,0,1
BRDA:80,6,1,1
BRDA:96,7,0,3
BRDA:96,7,1,0
BRDA:97,8,0,1
BRF:13
BRH:12
end_of_record
TN:
SF:src/webhook/failureDetector.ts
FN:18,detectFailure
FN:37,detectPullRequestRejection
FN:74,detectCommitStatusFailure
FNF:3
FNH:3
FNDA:519,detectFailure
FNDA:205,detectPullRequestRejection
FNDA:309,detectCommitStatusFailure
DA:18,1
DA:19,519
DA:20,205
DA:23,314
DA:24,309
DA:28,5
DA:38,205
DA:39,205
DA:42,205
DA:43,1
DA:46,204
DA:47,204
DA:48,204
DA:49,204
DA:50,204
DA:51,204
DA:53,204
DA:64,0
DA:75,309
DA:76,309
DA:79,309
DA:80,102
DA:84,207
DA:85,1
DA:89,206
DA:90,206
DA:91,206
DA:92,206
DA:93,206
DA:95,206
DA:99,206
DA:110,0
LF:32
LH:30
BRDA:19,0,0,205
BRDA:23,1,0,309
BRDA:42,2,0,1
BRDA:42,3,0,205
BRDA:42,3,1,205
BRDA:42,3,2,205
BRDA:46,4,0,204
BRDA:46,4,1,1
BRDA:49,5,0,204
BRDA:49,5,1,1
BRDA:50,6,0,204
BRDA:50,6,1,1
BRDA:51,7,0,204
BRDA:51,7,1,204
BRDA:79,8,0,102
BRDA:84,9,0,1
BRDA:84,10,0,207
BRDA:84,10,1,207
BRDA:89,11,0,206
BRDA:89,11,1,1
BRDA:89,11,2,0
BRDA:90,12,0,206
BRDA:90,12,1,0
BRDA:91,13,0,206
BRDA:91,13,1,1
BRDA:92,14,0,206
BRDA:92,14,1,1
BRDA:93,15,0,206
BRDA:93,15,1,0
BRDA:95,16,0,206
BRDA:95,16,1,206
BRDA:95,16,2,205
BRDA:95,16,3,205
BRF:33
BRH:30
end_of_record
TN:
SF:src/webhook/formatter.ts
FN:15,formatMessage
FNF:1
FNH:1
FNDA:208,formatMessage
DA:15,1
DA:16,208
DA:17,208
DA:20,208
DA:21,208
DA:22,208
DA:23,208
DA:24,208
DA:25,208
DA:27,208
LF:10
LH:10
BRDA:16,0,0,117
BRDA:16,0,1,91
BRDA:17,1,0,117
BRDA:17,1,1,91
BRDA:20,2,0,208
BRDA:20,2,1,0
BRDA:20,3,0,208
BRDA:20,3,1,0
BRDA:21,4,0,208
BRDA:21,4,1,0
BRDA:21,5,0,208
BRDA:21,5,1,0
BRDA:22,6,0,208
BRDA:22,6,1,1
BRDA:22,7,0,208
BRDA:22,7,1,0
BRDA:23,8,0,208
BRDA:23,8,1,1
BRDA:23,9,0,208
BRDA:23,9,1,0
BRDA:24,10,0,208
BRDA:24,10,1,0
BRDA:24,11,0,208
BRDA:24,11,1,0
BRDA:25,12,0,208
BRDA:25,12,1,1
BRDA:25,13,0,208
BRDA:25,13,1,0
BRDA:128,14,0,208
BRDA:128,14,1,0
BRF:30
BRH:20
end_of_record
TN:
SF:src/webhook/index.ts
FN:5,(anonymous_0)
FN:5,(anonymous_1)
FN:6,(anonymous_2)
FNF:3
FNH:0
FNDA:0,(anonymous_0)
FNDA:0,(anonymous_1)
FNDA:0,(anonymous_2)
DA:5,0
DA:6,0
LF:2
LH:0
BRF:0
BRH:0
end_of_record
TN:
SF:src/webhook/ipWhitelist.ts
FN:18,setIpRanges
FN:27,ipToInt
FN:50,parseCIDR
FN:73,isIpInCIDR
FN:90,extractSourceIp
FN:116,isIpWhitelisted
FNF:6
FNH:5
FNDA:0,setIpRanges
FNDA:898,ipToInt
FNDA:443,parseCIDR
FNDA:455,isIpInCIDR
FNDA:105,extractSourceIp
FNDA:223,isIpWhitelisted
DA:7,1
DA:12,1
DA:18,1
DA:19,0
DA:28,898
DA:29,898
DA:30,9
DA:33,889
DA:34,889
DA:35,3547
DA:36,3547
DA:37,3
DA:39,3544
DA:42,886
DA:51,443
DA:52,443
DA:53,0
DA:56,443
DA:57,443
DA:58,0
DA:61,443
DA:62,443
DA:64,443
DA:74,455
DA:75,455
DA:76,443
DA:77,443
DA:79,12
DA:90,1
DA:92,105
DA:93,105
DA:95,103
DA:96,103
DA:97,103
DA:98,103
DA:103,2
DA:104,1
DA:107,1
DA:116,1
DA:117,223
DA:118,455
DA:119,111
DA:122,112
LF:43
LH:40
BRDA:29,0,0,9
BRDA:36,1,0,3
BRDA:36,2,0,3547
BRDA:36,2,1,3547
BRDA:36,2,2,3547
BRDA:52,3,0,0
BRDA:52,4,0,443
BRDA:52,4,1,443
BRDA:57,5,0,0
BRDA:57,6,0,443
BRDA:57,6,1,443
BRDA:57,6,2,443
BRDA:62,7,0,0
BRDA:62,7,1,443
BRDA:92,8,0,105
BRDA:92,8,1,3
BRDA:93,9,0,103
BRDA:97,10,0,103
BRDA:103,11,0,1
BRDA:118,12,0,111
BRF:20
BRH:17
end_of_record
TN:
SF:src/webhook/reception.ts
FN:26,extractWebhookData
FN:34,(anonymous_1)
FN:52,(anonymous_2)
FN:95,parseWebhookBody
FNF:4
FNH:4
FNDA:106,extractWebhookData
FNDA:1,(anonymous_1)
FNDA:1,(anonymous_2)
FNDA:4,parseWebhookBody
DA:26,1
DA:27,106
DA:29,106
DA:32,106
DA:33,1
DA:34,1
DA:36,1
DA:39,106
DA:40,1
DA:43,1
DA:47,105
DA:50,105
DA:51,1
DA:52,1
DA:54,1
DA:57,105
DA:58,1
DA:61,1
DA:65,104
DA:66,104
DA:67,101
DA:70,104
DA:75,104
DA:81,0
DA:84,0
DA:95,1
DA:96,4
DA:97,4
DA:99,2
DA:102,2
LF:30
LH:28
BRDA:29,0,0,106
BRDA:29,0,1,2
BRDA:32,1,0,1
BRDA:36,2,0,0
BRDA:36,2,1,1
BRDA:39,3,0,1
BRDA:47,4,0,105
BRDA:47,4,1,2
BRDA:50,5,0,1
BRDA:54,6,0,0
BRDA:54,6,1,1
BRDA:57,7,0,1
BRDA:65,8,0,104
BRDA:65,8,1,1
BRDA:66,9,0,101
BRDA:82,10,0,0
BRDA:82,10,1,0
BRDA:100,11,0,2
BRDA:100,11,1,0
BRF:19
BRH:14
end_of_record
TN:
SF:src/webhook/signature.ts
FN:17,verifySignature
FNF:1
FNH:1
FNDA:411,verifySignature
DA:6,1
DA:17,1
DA:18,411
DA:20,411
DA:21,411
DA:22,3
DA:25,408
DA:28,408
DA:29,408
DA:30,408
DA:33,408
DA:34,408
DA:37,408
DA:38,1
DA:41,407
DA:44,0
LF:16
LH:15
BRDA:21,0,0,3
BRDA:21,1,0,411
BRDA:21,1,1,409
BRDA:37,2,0,1
BRF:4
BRH:4
end_of_record
TN:
SF:src/webhook/teamsClient.ts
FN:19,postToTeams
FN:24,(anonymous_10)
FN:39,(anonymous_11)
FN:40,(anonymous_12)
FN:41,(anonymous_13)
FN:42,(anonymous_14)
FN:43,(anonymous_15)
FN:62,(anonymous_16)
FN:65,(anonymous_17)
FN:69,(anonymous_18)
FN:88,(anonymous_19)
FN:96,(anonymous_20)
FNF:12
FNH:7
FNDA:210,postToTeams
FNDA:210,(anonymous_10)
FNDA:0,(anonymous_11)
FNDA:0,(anonymous_12)
FNDA:0,(anonymous_13)
FNDA:0,(anonymous_14)
FNDA:0,(anonymous_15)
FNDA:207,(anonymous_16)
FNDA:207,(anonymous_17)
FNDA:207,(anonymous_18)
FNDA:1,(anonymous_19)
FNDA:1,(anonymous_20)
DA:6,1
DA:19,1
DA:24,210
DA:25,210
DA:27,210
DA:30,209
DA:39,0
DA:40,0
DA:41,0
DA:42,0
DA:43,0
DA:49,209
DA:62,209
DA:63,207
DA:65,207
DA:66,207
DA:69,207
DA:71,207
DA:72,106
DA:75,106
DA:78,101
DA:82,101
DA:88,209
DA:89,1
DA:92,1
DA:96,209
DA:97,1
DA:98,1
DA:101,1
DA:105,209
DA:106,209
DA:108,1
DA:111,1
LF:33
LH:28
BRDA:39,0,0,209
BRDA:39,0,1,209
BRDA:40,1,0,209
BRDA:40,1,1,209
BRDA:41,2,0,209
BRDA:41,2,1,209
BRDA:42,3,0,209
BRDA:42,3,1,209
BRDA:43,4,0,209
BRDA:43,4,1,209
BRDA:44,5,0,209
BRDA:44,5,1,209
BRDA:45,6,0,209
BRDA:45,6,1,209
BRDA:51,7,0,209
BRDA:51,7,1,209
BRDA:71,8,0,106
BRDA:71,8,1,101
BRDA:71,9,0,207
BRDA:71,9,1,102
BRDA:109,10,0,0
BRDA:109,10,1,1
BRF:22
BRH:21
end_of_record
